TN:
SF:src/angleMeasureGeometry.js
FN:1,clamp01
FN:5,round3
FN:9,getAngleLabelBasePosition
FN:34,getAngleLabelPosition
FN:42,moveAngleWidget
FN:64,measureAngleDegrees
FNF:6
FNH:6
FNDA:18,clamp01
FNDA:12,round3
FNDA:2,getAngleLabelBasePosition
FNDA:1,getAngleLabelPosition
FNDA:2,moveAngleWidget
FNDA:2,measureAngleDegrees
DA:1,18
DA:2,18
DA:3,18
DA:4,1
DA:5,1
DA:6,12
DA:7,12
DA:8,1
DA:9,1
DA:10,2
DA:11,2
DA:12,2
DA:13,2
DA:14,2
DA:15,2
DA:16,0
DA:17,0
DA:18,2
DA:19,2
DA:20,2
DA:21,2
DA:22,2
DA:23,2
DA:24,2
DA:25,2
DA:26,2
DA:27,2
DA:28,2
DA:29,2
DA:30,2
DA:31,2
DA:32,2
DA:33,1
DA:34,1
DA:35,1
DA:36,1
DA:37,1
DA:38,1
DA:39,1
DA:40,1
DA:41,1
DA:42,1
DA:43,2
DA:44,2
DA:45,2
DA:46,2
DA:47,2
DA:48,2
DA:49,2
DA:50,2
DA:51,2
DA:52,2
DA:53,2
DA:54,2
DA:55,2
DA:56,2
DA:57,2
DA:58,2
DA:59,2
DA:60,2
DA:61,2
DA:62,2
DA:63,1
DA:64,1
DA:65,2
DA:66,2
DA:67,2
DA:68,2
DA:69,2
DA:70,2
DA:71,2
DA:72,2
DA:73,2
DA:74,2
DA:75,2
DA:76,2
DA:77,2
LF:77
LH:75
BRDA:1,0,0,1
BRDA:1,1,0,18
BRDA:2,2,0,1
BRDA:5,3,0,12
BRDA:9,4,0,2
BRDA:15,5,0,0
BRDA:25,6,0,0
BRDA:34,7,0,1
BRDA:37,8,0,0
BRDA:38,9,0,0
BRDA:42,10,0,2
BRDA:43,11,0,0
BRDA:44,12,0,0
BRDA:64,13,0,2
BRDA:72,14,0,0
BRF:15
BRH:8
end_of_record
TN:
SF:src/canvasInteractionTargets.js
FN:4,getTargetElement
FN:13,supportsClosest
FN:17,matchesClosest
FN:22,isEditableInteractionTarget
FN:28,canStartCanvasRightDragZoomTarget
FN:37,canOpenCanvasContextMenuTarget
FN:46,isSecondaryCanvasContextEvent
FNF:7
FNH:7
FNDA:42,getTargetElement
FNDA:17,supportsClosest
FNDA:25,matchesClosest
FNDA:9,isEditableInteractionTarget
FNDA:3,canStartCanvasRightDragZoomTarget
FNDA:5,canOpenCanvasContextMenuTarget
FNDA:3,isSecondaryCanvasContextEvent
DA:1,1
DA:2,1
DA:3,1
DA:4,42
DA:5,42
DA:6,42
DA:7,42
DA:8,0
DA:9,0
DA:10,0
DA:11,42
DA:12,1
DA:13,17
DA:14,17
DA:15,17
DA:16,1
DA:17,25
DA:18,25
DA:19,25
DA:20,25
DA:21,1
DA:22,1
DA:23,9
DA:24,9
DA:25,6
DA:26,9
DA:27,1
DA:28,1
DA:29,3
DA:30,3
DA:31,3
DA:32,0
DA:33,0
DA:34,2
DA:35,3
DA:36,1
DA:37,1
DA:38,5
DA:39,5
DA:40,5
DA:41,2
DA:42,2
DA:43,2
DA:44,5
DA:45,1
DA:46,1
DA:47,3
DA:48,3
DA:49,3
LF:49
LH:44
BRDA:1,0,0,1
BRDA:4,1,0,42
BRDA:5,2,0,0
BRDA:7,3,0,0
BRDA:7,4,0,0
BRDA:13,5,0,17
BRDA:17,6,0,25
BRDA:22,7,0,9
BRDA:23,8,0,0
BRDA:24,9,0,3
BRDA:25,10,0,6
BRDA:28,11,0,3
BRDA:29,12,0,0
BRDA:30,13,0,1
BRDA:31,14,0,2
BRDA:31,15,0,0
BRDA:34,16,0,2
BRDA:37,17,0,5
BRDA:38,18,0,0
BRDA:39,19,0,1
BRDA:40,20,0,4
BRDA:40,21,0,2
BRDA:46,22,0,3
BRDA:47,23,0,0
BRDA:48,24,0,2
BRF:25
BRH:17
end_of_record
TN:
SF:src/connectionUtils.js
FN:8,getHandleType
FN:12,getInputName
FN:16,getOutputSlot
FN:20,encodeProxyHandleRef
FN:24,decodeProxyHandleRef
FN:32,parseGroupProxyHandle
FN:45,getConnectionHandleType
FN:50,getResolvedHandleRef
FN:59,getNodeInputSpecForHandle
FN:70,outputTypeCanConnectToTarget
FN:87,resolveOutputTypeForTarget
FN:107,checkConnectionValid
FNF:12
FNH:12
FNDA:20,getHandleType
FNDA:12,getInputName
FNDA:5,getOutputSlot
FNDA:11,encodeProxyHandleRef
FNDA:12,decodeProxyHandleRef
FNDA:33,parseGroupProxyHandle
FNDA:11,getConnectionHandleType
FNDA:10,getResolvedHandleRef
FNDA:14,getNodeInputSpecForHandle
FNDA:17,outputTypeCanConnectToTarget
FNDA:8,resolveOutputTypeForTarget
FNDA:8,checkConnectionValid
DA:1,1
DA:2,1
DA:3,1
DA:4,1
DA:5,1
DA:6,1
DA:7,1
DA:8,1
DA:9,20
DA:10,20
DA:11,1
DA:12,1
DA:13,12
DA:14,12
DA:15,1
DA:16,1
DA:17,5
DA:18,5
DA:19,1
DA:20,1
DA:21,11
DA:22,11
DA:23,1
DA:24,1
DA:25,12
DA:26,12
DA:27,12
DA:28,1
DA:29,1
DA:30,12
DA:31,1
DA:32,1
DA:33,33
DA:34,33
DA:35,9
DA:36,33
DA:37,7
DA:38,7
DA:39,7
DA:40,7
DA:41,7
DA:42,7
DA:43,33
DA:44,1
DA:45,1
DA:46,11
DA:47,11
DA:48,11
DA:49,1
DA:50,1
DA:51,10
DA:52,10
DA:53,10
DA:54,10
DA:55,10
DA:56,10
DA:57,10
DA:58,1
DA:59,1
DA:60,14
DA:61,14
DA:62,10
DA:63,10
DA:64,14
DA:65,14
DA:66,14
DA:67,1
DA:68,1
DA:69,1
DA:70,1
DA:71,17
DA:72,7
DA:73,7
DA:74,10
DA:75,17
DA:76,3
DA:77,3
DA:78,3
DA:79,8
DA:80,17
DA:81,17
DA:82,3
DA:83,3
DA:84,17
DA:85,17
DA:86,1
DA:87,1
DA:88,8
DA:89,3
DA:90,3
DA:91,8
DA:92,1
DA:93,1
DA:94,8
DA:95,1
DA:96,1
DA:97,8
DA:98,1
DA:99,1
DA:100,2
DA:101,8
DA:102,1
DA:103,1
DA:104,1
DA:105,1
DA:106,1
DA:107,1
DA:108,8
DA:109,8
DA:110,8
DA:111,8
DA:112,8
DA:113,3
DA:114,3
DA:115,8
DA:116,8
DA:117,8
DA:118,8
DA:119,8
DA:120,8
DA:121,8
DA:122,8
LF:122
LH:122
BRDA:1,0,0,1
BRDA:8,1,0,20
BRDA:12,2,0,12
BRDA:16,3,0,5
BRDA:20,4,0,11
BRDA:21,5,0,2
BRDA:24,6,0,12
BRDA:26,7,0,2
BRDA:27,8,0,1
BRDA:28,9,0,0
BRDA:32,10,0,33
BRDA:33,11,0,2
BRDA:34,12,0,24
BRDA:35,13,0,9
BRDA:36,14,0,2
BRDA:37,15,0,7
BRDA:45,16,0,11
BRDA:47,17,0,2
BRDA:47,18,0,9
BRDA:50,19,0,10
BRDA:53,20,0,2
BRDA:53,21,0,8
BRDA:54,22,0,2
BRDA:54,23,0,8
BRDA:55,24,0,2
BRDA:55,25,0,8
BRDA:59,26,0,14
BRDA:60,27,0,11
BRDA:61,28,0,11
BRDA:61,29,0,4
BRDA:62,30,0,10
BRDA:64,31,0,2
BRDA:65,32,0,1
BRDA:70,33,0,17
BRDA:71,34,0,7
BRDA:74,35,0,10
BRDA:75,36,0,3
BRDA:76,37,0,1
BRDA:76,38,0,2
BRDA:77,39,0,2
BRDA:79,40,0,8
BRDA:80,41,0,3
BRDA:81,42,0,3
BRDA:83,43,0,2
BRDA:87,44,0,8
BRDA:88,45,0,3
BRDA:91,46,0,5
BRDA:91,47,0,1
BRDA:94,48,0,4
BRDA:94,49,0,1
BRDA:97,50,0,3
BRDA:97,51,0,1
BRDA:100,52,0,2
BRDA:107,53,0,8
BRDA:111,54,0,1
BRDA:112,55,0,5
BRDA:113,56,0,3
BRDA:115,57,0,0
BRDA:115,58,0,3
BRDA:116,59,0,0
BRDA:116,60,0,3
BRDA:119,61,0,3
BRDA:119,62,0,1
BRDA:120,63,0,3
BRDA:120,64,0,0
BRDA:121,65,0,3
BRF:66
BRH:62
end_of_record
TN:
SF:src/constants.js
FN:50,getSpecTypeAndOptions
FN:57,isDataSocketType
FN:61,isDataSocketSpec
FN:66,getAcceptedSocketTypes
FN:92,socketSpecAcceptsType
FNF:5
FNH:5
FNDA:60,getSpecTypeAndOptions
FNDA:23,isDataSocketType
FNDA:23,isDataSocketSpec
FNDA:50,getAcceptedSocketTypes
FNDA:49,socketSpecAcceptsType
DA:1,5
DA:2,5
DA:3,5
DA:4,5
DA:5,5
DA:6,5
DA:7,5
DA:8,5
DA:9,5
DA:10,5
DA:11,5
DA:12,5
DA:13,5
DA:14,5
DA:15,5
DA:16,5
DA:17,5
DA:18,5
DA:19,5
DA:20,5
DA:21,5
DA:22,5
DA:23,5
DA:24,5
DA:25,5
DA:26,5
DA:27,5
DA:28,5
DA:29,5
DA:30,5
DA:31,5
DA:32,5
DA:33,5
DA:34,5
DA:35,5
DA:36,5
DA:37,5
DA:38,5
DA:39,5
DA:40,5
DA:41,5
DA:42,5
DA:43,5
DA:44,5
DA:45,5
DA:46,5
DA:47,5
DA:48,5
DA:49,5
DA:50,5
DA:51,60
DA:52,60
DA:53,60
DA:54,0
DA:55,60
DA:56,5
DA:57,5
DA:58,23
DA:59,23
DA:60,5
DA:61,5
DA:62,23
DA:63,23
DA:64,23
DA:65,5
DA:66,5
DA:67,50
DA:68,50
DA:69,50
DA:70,50
DA:71,0
DA:72,0
DA:73,50
DA:74,50
DA:75,50
DA:76,50
DA:77,3
DA:78,3
DA:79,3
DA:80,3
DA:81,50
DA:82,50
DA:83,50
DA:84,17
DA:85,17
DA:86,17
DA:87,17
DA:88,50
DA:89,50
DA:90,50
DA:91,5
DA:92,5
DA:93,49
DA:94,49
DA:95,49
DA:96,5
DA:97,5
DA:98,5
DA:99,5
DA:100,5
DA:101,5
DA:102,5
LF:102
LH:99
BRDA:1,0,0,5
BRDA:50,1,0,60
BRDA:52,2,0,0
BRDA:54,3,0,0
BRDA:57,4,0,23
BRDA:58,5,0,19
BRDA:61,6,0,23
BRDA:66,7,0,50
BRDA:68,8,0,12
BRDA:69,9,0,38
BRDA:70,10,0,0
BRDA:75,11,0,3
BRDA:75,12,0,47
BRDA:76,13,0,3
BRDA:83,14,0,17
BRDA:92,15,0,49
BRDA:93,16,0,0
BRF:17
BRH:13
end_of_record
TN:
SF:src/defaultWorkflow.js
FN:8,loadCandidate
FN:41,loadDefaultWorkflowAsset
FNF:2
FNH:2
FNDA:11,loadCandidate
FNDA:6,loadDefaultWorkflowAsset
DA:1,1
DA:2,1
DA:3,1
DA:4,1
DA:5,1
DA:6,1
DA:7,1
DA:8,11
DA:9,11
DA:10,11
DA:11,11
DA:12,11
DA:13,2
DA:14,2
DA:15,9
DA:16,11
DA:17,11
DA:18,11
DA:19,11
DA:20,5
DA:21,0
DA:22,0
DA:23,4
DA:24,11
DA:25,2
DA:26,1
DA:27,1
DA:28,2
DA:29,0
DA:30,0
DA:31,2
DA:32,2
DA:33,11
DA:34,1
DA:35,11
DA:36,0
DA:37,0
DA:38,1
DA:39,11
DA:40,1
DA:41,1
DA:42,6
DA:43,6
DA:44,6
DA:45,6
DA:46,11
DA:47,11
DA:48,2
DA:49,2
DA:50,2
DA:51,2
DA:52,2
DA:53,2
DA:54,11
DA:55,4
DA:56,6
LF:56
LH:50
BRDA:1,0,0,1
BRDA:8,1,0,11
BRDA:12,2,0,9
BRDA:12,3,0,2
BRDA:15,4,0,9
BRDA:16,5,0,2
BRDA:16,6,0,7
BRDA:17,7,0,9
BRDA:19,8,0,5
BRDA:20,9,0,2
BRDA:21,10,0,0
BRDA:23,11,0,4
BRDA:24,12,0,2
BRDA:25,13,0,1
BRDA:28,14,0,0
BRDA:33,15,0,1
BRDA:35,16,0,0
BRDA:38,17,0,1
BRDA:41,18,0,6
BRDA:45,19,0,11
BRDA:47,20,0,2
BRDA:55,21,0,4
BRF:22
BRH:19
end_of_record
TN:
SF:src/executionGraph.js
FN:14,getInputName
FN:18,getOutputSlot
FN:22,resolveExecutionEdge
FN:34,getConnectedNodeIds
FN:44,isPreviewLoadNode
FN:48,hasPreviewLoadSelection
FN:58,getRunnableNodeIds
FN:72,serializeExecutionGraph
FN:117,getAutoRunnableNodes
FN:122,hasBlockingAutoRunInput
FNF:10
FNH:10
FNDA:9,getInputName
FNDA:5,getOutputSlot
FNDA:22,resolveExecutionEdge
FNDA:11,getConnectedNodeIds
FNDA:11,isPreviewLoadNode
FNDA:9,hasPreviewLoadSelection
FNDA:11,getRunnableNodeIds
FNDA:7,serializeExecutionGraph
FNDA:4,getAutoRunnableNodes
FNDA:5,hasBlockingAutoRunInput
DA:1,1
DA:2,1
DA:3,1
DA:4,1
DA:5,1
DA:6,1
DA:7,1
DA:8,1
DA:9,1
DA:10,1
DA:11,1
DA:12,1
DA:13,1
DA:14,9
DA:15,9
DA:16,9
DA:17,1
DA:18,5
DA:19,5
DA:20,5
DA:21,1
DA:22,22
DA:23,22
DA:24,22
DA:25,3
DA:26,3
DA:27,22
DA:28,22
DA:29,22
DA:30,22
DA:31,22
DA:32,22
DA:33,1
DA:34,1
DA:35,11
DA:36,11
DA:37,7
DA:38,7
DA:39,7
DA:40,7
DA:41,11
DA:42,11
DA:43,1
DA:44,11
DA:45,11
DA:46,11
DA:47,1
DA:48,9
DA:49,9
DA:50,5
DA:51,5
DA:52,9
DA:53,4
DA:54,4
DA:55,0
DA:56,9
DA:57,1
DA:58,11
DA:59,11
DA:60,11
DA:61,11
DA:62,11
DA:63,25
DA:64,25
DA:65,6
DA:66,6
DA:67,25
DA:68,11
DA:69,11
DA:70,11
DA:71,1
DA:72,1
DA:73,7
DA:74,7
DA:75,7
DA:76,7
DA:77,16
DA:78,13
DA:79,13
DA:80,16
DA:81,16
DA:82,16
DA:83,13
DA:84,13
DA:85,16
DA:86,16
DA:87,16
DA:88,16
DA:89,16
DA:90,16
DA:91,16
DA:92,16
DA:93,18
DA:94,12
DA:95,18
DA:96,18
DA:97,7
DA:98,7
DA:99,7
DA:100,18
DA:101,13
DA:102,13
DA:103,13
DA:104,13
DA:105,16
DA:106,5
DA:107,5
DA:108,5
DA:109,5
DA:110,13
DA:111,13
DA:112,13
DA:113,7
DA:114,7
DA:115,7
DA:116,1
DA:117,1
DA:118,4
DA:119,4
DA:120,4
DA:121,1
DA:122,1
DA:123,5
DA:124,5
DA:125,5
DA:126,5
DA:127,5
DA:128,7
DA:129,7
DA:130,7
DA:131,7
DA:132,7
DA:133,7
DA:134,1
DA:135,1
DA:136,1
DA:137,1
DA:138,7
DA:139,7
DA:140,7
DA:141,7
DA:142,6
DA:143,7
DA:144,2
DA:145,1
DA:146,1
DA:147,7
DA:148,4
DA:149,4
DA:150,3
DA:151,3
DA:152,3
DA:153,4
DA:154,7
DA:155,7
DA:156,3
DA:157,3
DA:158,5
LF:158
LH:157
BRDA:1,0,0,1
BRDA:14,1,0,9
BRDA:18,2,0,5
BRDA:22,3,0,22
BRDA:23,4,0,3
BRDA:24,5,0,19
BRDA:25,6,0,3
BRDA:28,7,0,3
BRDA:29,8,0,0
BRDA:30,9,0,0
BRDA:34,10,0,11
BRDA:36,11,0,7
BRDA:44,12,0,11
BRDA:48,13,0,9
BRDA:49,14,0,5
BRDA:50,15,0,3
BRDA:52,16,0,4
BRDA:52,17,0,4
BRDA:53,18,0,0
BRDA:55,19,0,0
BRDA:58,20,0,11
BRDA:62,21,0,25
BRDA:63,22,0,14
BRDA:64,23,0,11
BRDA:64,24,0,9
BRDA:64,25,0,6
BRDA:72,26,0,7
BRDA:76,27,0,16
BRDA:77,28,0,3
BRDA:78,29,0,13
BRDA:80,30,0,0
BRDA:81,31,0,13
BRDA:81,32,0,0
BRDA:82,33,0,13
BRDA:82,34,0,0
BRDA:82,35,0,0
BRDA:83,36,0,13
BRDA:85,37,0,0
BRDA:85,38,0,12
BRDA:86,39,0,12
BRDA:89,40,0,0
BRDA:90,41,0,0
BRDA:92,42,0,18
BRDA:93,43,0,8
BRDA:93,44,0,6
BRDA:94,45,0,12
BRDA:95,46,0,5
BRDA:96,47,0,7
BRDA:96,48,0,0
BRDA:97,49,0,7
BRDA:101,50,0,13
BRDA:105,51,0,5
BRDA:110,52,0,13
BRDA:104,53,0,11
BRDA:117,54,0,4
BRDA:119,55,0,9
BRDA:122,56,0,5
BRDA:124,57,0,0
BRDA:126,58,0,0
BRDA:127,59,0,7
BRDA:141,60,0,1
BRDA:142,61,0,6
BRDA:143,62,0,4
BRDA:143,63,0,2
BRDA:144,64,0,1
BRDA:147,65,0,4
BRDA:147,66,0,0
BRDA:148,67,0,4
BRDA:154,68,0,1
BRDA:156,69,0,3
BRDA:129,70,0,7
BRDA:131,71,0,6
BRDA:132,72,0,1
BRDA:132,73,0,0
BRDA:132,74,0,1
BRDA:133,75,0,1
BRDA:134,76,0,1
BRDA:149,77,0,3
BRF:78
BRH:62
end_of_record
TN:
SF:src/groupDrag.js
FN:3,getPointDistanceOutsideRect
FN:16,shouldReleaseFromGroup
FNF:2
FNH:2
FNDA:3,getPointDistanceOutsideRect
FNDA:2,shouldReleaseFromGroup
DA:1,1
DA:2,1
DA:3,1
DA:4,3
DA:5,3
DA:6,3
DA:7,3
DA:8,3
DA:9,3
DA:10,3
DA:11,3
DA:12,3
DA:13,3
DA:14,3
DA:15,1
DA:16,1
DA:17,2
DA:18,2
LF:18
LH:18
BRDA:1,0,0,1
BRDA:3,1,0,3
BRDA:4,2,0,0
BRDA:7,3,0,0
BRDA:8,4,0,2
BRDA:8,5,0,1
BRDA:10,6,0,0
BRDA:11,7,0,0
BRDA:16,8,0,2
BRF:9
BRH:5
end_of_record
TN:
SF:src/groupSizing.js
FN:4,getNodeSize
FN:15,getGroupMinimumSize
FNF:2
FNH:2
FNDA:4,getNodeSize
FNDA:2,getGroupMinimumSize
DA:1,1
DA:2,1
DA:3,1
DA:4,4
DA:5,4
DA:6,4
DA:7,4
DA:8,4
DA:9,4
DA:10,4
DA:11,4
DA:12,0
DA:13,4
DA:14,1
DA:15,1
DA:16,2
DA:17,2
DA:18,2
DA:19,2
DA:20,2
DA:21,2
DA:22,2
DA:23,2
DA:24,2
DA:25,2
DA:26,2
DA:27,2
DA:28,2
DA:29,2
DA:30,2
DA:31,2
DA:32,2
DA:33,2
DA:34,2
DA:35,2
LF:35
LH:34
BRDA:1,0,0,1
BRDA:4,1,0,4
BRDA:5,2,0,2
BRDA:5,3,0,2
BRDA:6,4,0,0
BRDA:7,5,0,0
BRDA:7,6,0,0
BRDA:9,7,0,0
BRDA:9,8,0,0
BRDA:12,9,0,0
BRDA:15,10,0,2
BRDA:24,11,0,0
BRDA:25,12,0,0
BRDA:26,13,0,0
BRF:14
BRH:5
end_of_record
TN:
SF:src/loadNodeOutputs.js
FN:1,resolveLoadNodeChannelPath
FN:22,beginTrackedNodeRequest
FN:28,isTrackedNodeRequestCurrent
FNF:3
FNH:3
FNDA:3,resolveLoadNodeChannelPath
FNDA:2,beginTrackedNodeRequest
FNDA:2,isTrackedNodeRequestCurrent
DA:1,1
DA:2,3
DA:3,3
DA:4,3
DA:5,3
DA:6,3
DA:7,3
DA:8,1
DA:9,1
DA:10,3
DA:11,0
DA:12,0
DA:13,3
DA:14,1
DA:15,1
DA:16,1
DA:17,1
DA:18,1
DA:19,0
DA:20,3
DA:21,1
DA:22,1
DA:23,2
DA:24,2
DA:25,2
DA:26,2
DA:27,1
DA:28,1
DA:29,2
DA:30,2
LF:30
LH:27
BRDA:1,0,0,1
BRDA:1,1,0,3
BRDA:7,2,0,1
BRDA:7,3,0,1
BRDA:10,4,0,2
BRDA:10,5,0,0
BRDA:10,6,0,0
BRDA:13,7,0,2
BRDA:13,8,0,1
BRDA:14,9,0,0
BRDA:17,10,0,0
BRDA:19,11,0,0
BRDA:22,12,0,2
BRDA:23,13,0,1
BRDA:28,14,0,2
BRF:15
BRH:10
end_of_record
TN:
SF:src/markupShapeGeometry.js
FN:5,clampFraction
FN:11,sanitizeMarkupColor
FN:17,sanitizeMarkupShape
FN:41,parseMarkupShapes
FN:66,getArrowGeometry
FN:93,getMarkupPreviewStrokeWidth
FNF:6
FNH:5
FNDA:4,clampFraction
FNDA:2,sanitizeMarkupColor
FNDA:1,sanitizeMarkupShape
FNDA:0,parseMarkupShapes
FNDA:1,getArrowGeometry
FNDA:2,getMarkupPreviewStrokeWidth
DA:1,1
DA:2,1
DA:3,1
DA:4,1
DA:5,4
DA:6,4
DA:7,4
DA:8,4
DA:9,4
DA:10,1
DA:11,1
DA:12,2
DA:13,1
DA:14,2
DA:15,2
DA:16,1
DA:17,1
DA:18,1
DA:19,1
DA:20,1
DA:21,1
DA:22,1
DA:23,1
DA:24,1
DA:25,1
DA:26,1
DA:27,1
DA:28,1
DA:29,1
DA:30,1
DA:31,1
DA:32,1
DA:33,1
DA:34,1
DA:35,1
DA:36,1
DA:37,1
DA:38,1
DA:39,1
DA:40,1
DA:41,1
DA:42,0
DA:43,0
DA:44,0
DA:45,0
DA:46,0
DA:47,0
DA:48,0
DA:49,0
DA:50,0
DA:51,0
DA:52,0
DA:53,0
DA:54,0
DA:55,0
DA:56,0
DA:57,0
DA:58,0
DA:59,0
DA:60,0
DA:61,0
DA:62,0
DA:63,0
DA:64,0
DA:65,1
DA:66,1
DA:67,1
DA:68,1
DA:69,1
DA:70,1
DA:71,1
DA:72,1
DA:73,1
DA:74,1
DA:75,1
DA:76,1
DA:77,1
DA:78,1
DA:79,1
DA:80,1
DA:81,1
DA:82,1
DA:83,1
DA:84,1
DA:85,1
DA:86,1
DA:87,1
DA:88,1
DA:89,1
DA:90,1
DA:91,1
DA:92,1
DA:93,1
DA:94,2
DA:95,2
DA:96,2
DA:97,2
DA:98,2
LF:98
LH:75
BRDA:1,0,0,1
BRDA:5,1,0,4
BRDA:7,2,0,0
BRDA:11,3,0,2
BRDA:12,4,0,1
BRDA:14,5,0,0
BRDA:14,6,0,1
BRDA:17,7,0,1
BRDA:23,8,0,0
BRDA:24,9,0,0
BRDA:29,10,0,0
BRDA:29,11,0,0
BRDA:66,12,0,1
BRDA:73,13,0,0
BRDA:93,14,0,2
BRDA:94,15,0,0
BRDA:95,16,0,0
BRDA:95,17,0,0
BRF:18
BRH:8
end_of_record
TN:
SF:src/nodeClipboard.js
FN:6,cloneValue
FN:18,clonePlainObject
FN:23,encodeProxyHandleRef
FN:27,decodeProxyHandleRef
FN:35,parseGroupProxyHandle
FN:48,hasOwn
FN:52,remapNodeId
FN:57,remapGroupProxyHandle
FN:63,remapGroupProxyDescriptors
FN:82,remapClipboardExtraData
FN:93,remapClipboardEdgeData
FN:119,collectSelectedNodeIds
FN:138,extractExtraData
FN:158,buildNodeClipboardPayloadForIds
FN:216,buildNodeClipboardPayload
FN:225,parseNodeClipboardPayload
FN:238,instantiateNodeClipboardPayload
FNF:17
FNH:17
FNDA:26,cloneValue
FNDA:39,clonePlainObject
FNDA:2,encodeProxyHandleRef
FNDA:2,decodeProxyHandleRef
FNDA:9,parseGroupProxyHandle
FNDA:6,hasOwn
FNDA:5,remapNodeId
FNDA:9,remapGroupProxyHandle
FNDA:1,remapGroupProxyDescriptors
FNDA:8,remapClipboardExtraData
FNDA:1,remapClipboardEdgeData
FNDA:4,collectSelectedNodeIds
FNDA:5,extractExtraData
FNDA:4,buildNodeClipboardPayloadForIds
FNDA:2,buildNodeClipboardPayload
FNDA:1,parseNodeClipboardPayload
FNDA:5,instantiateNodeClipboardPayload
DA:1,2
DA:2,2
DA:3,2
DA:4,2
DA:5,2
DA:6,26
DA:7,26
DA:8,26
DA:9,26
DA:10,26
DA:11,26
DA:12,0
DA:13,0
DA:14,26
DA:15,0
DA:16,26
DA:17,2
DA:18,39
DA:19,39
DA:20,39
DA:21,39
DA:22,2
DA:23,2
DA:24,2
DA:25,2
DA:26,2
DA:27,2
DA:28,2
DA:29,2
DA:30,2
DA:31,0
DA:32,0
DA:33,2
DA:34,2
DA:35,9
DA:36,9
DA:37,9
DA:38,2
DA:39,9
DA:40,2
DA:41,2
DA:42,2
DA:43,2
DA:44,2
DA:45,2
DA:46,9
DA:47,2
DA:48,6
DA:49,6
DA:50,6
DA:51,2
DA:52,5
DA:53,5
DA:54,5
DA:55,5
DA:56,2
DA:57,9
DA:58,9
DA:59,9
DA:60,2
DA:61,9
DA:62,2
DA:63,1
DA:64,1
DA:65,1
DA:66,1
DA:67,1
DA:68,1
DA:69,1
DA:70,1
DA:71,1
DA:72,1
DA:73,1
DA:74,1
DA:75,1
DA:76,1
DA:77,1
DA:78,1
DA:79,1
DA:80,1
DA:81,2
DA:82,8
DA:83,8
DA:84,8
DA:85,1
DA:86,1
DA:87,8
DA:88,0
DA:89,0
DA:90,8
DA:91,8
DA:92,2
DA:93,1
DA:94,1
DA:95,1
DA:96,1
DA:97,1
DA:98,0
DA:99,0
DA:100,1
DA:101,1
DA:102,1
DA:103,1
DA:104,1
DA:105,1
DA:106,1
DA:107,1
DA:108,1
DA:109,0
DA:110,0
DA:111,1
DA:112,1
DA:113,1
DA:114,1
DA:115,1
DA:116,1
DA:117,1
DA:118,2
DA:119,4
DA:120,4
DA:121,4
DA:122,4
DA:123,4
DA:124,4
DA:125,4
DA:126,4
DA:127,8
DA:128,8
DA:129,8
DA:130,0
DA:131,0
DA:132,0
DA:133,8
DA:134,4
DA:135,4
DA:136,4
DA:137,2
DA:138,5
DA:139,5
DA:140,5
DA:141,5
DA:142,15
DA:143,15
DA:144,15
DA:145,15
DA:146,15
DA:147,15
DA:148,15
DA:149,15
DA:150,15
DA:151,15
DA:152,15
DA:153,15
DA:154,5
DA:155,5
DA:156,5
DA:157,2
DA:158,2
DA:159,4
DA:160,4
DA:161,4
DA:162,4
DA:163,4
DA:164,4
DA:165,4
DA:166,4
DA:167,4
DA:168,4
DA:169,4
DA:170,4
DA:171,4
DA:172,4
DA:173,4
DA:174,2
DA:175,2
DA:176,2
DA:177,4
DA:178,4
DA:179,4
DA:180,4
DA:181,4
DA:182,4
DA:183,4
DA:184,5
DA:185,5
DA:186,5
DA:187,5
DA:188,5
DA:189,5
DA:190,5
DA:191,5
DA:192,5
DA:193,5
DA:194,5
DA:195,5
DA:196,5
DA:197,5
DA:198,5
DA:199,5
DA:200,5
DA:201,5
DA:202,5
DA:203,4
DA:204,4
DA:205,2
DA:206,2
DA:207,2
DA:208,2
DA:209,2
DA:210,2
DA:211,2
DA:212,4
DA:213,4
DA:214,4
DA:215,2
DA:216,2
DA:217,2
DA:218,2
DA:219,2
DA:220,2
DA:221,2
DA:222,2
DA:223,2
DA:224,2
DA:225,2
DA:226,1
DA:227,1
DA:228,1
DA:229,1
DA:230,1
DA:231,1
DA:232,1
DA:233,1
DA:234,0
DA:235,0
DA:236,1
DA:237,2
DA:238,2
DA:239,5
DA:240,5
DA:241,5
DA:242,5
DA:243,5
DA:244,5
DA:245,5
DA:246,0
DA:247,0
DA:248,5
DA:249,5
DA:250,5
DA:251,5
DA:252,5
DA:253,8
DA:254,5
DA:255,5
DA:256,5
DA:257,8
DA:258,8
DA:259,8
DA:260,8
DA:261,8
DA:262,8
DA:263,8
DA:264,8
DA:265,8
DA:266,8
DA:267,8
DA:268,8
DA:269,8
DA:270,8
DA:271,8
DA:272,8
DA:273,8
DA:274,8
DA:275,8
DA:276,8
DA:277,8
DA:278,8
DA:279,8
DA:280,8
DA:281,8
DA:282,8
DA:283,8
DA:284,8
DA:285,8
DA:286,8
DA:287,8
DA:288,8
DA:289,8
DA:290,8
DA:291,8
DA:292,5
DA:293,5
DA:294,5
DA:295,5
DA:296,3
DA:297,3
DA:298,5
DA:299,5
DA:300,3
DA:301,3
DA:302,3
DA:303,3
DA:304,3
DA:305,3
DA:306,3
DA:307,3
DA:308,3
DA:309,3
DA:310,3
DA:311,3
DA:312,3
DA:313,5
DA:314,5
DA:315,5
DA:316,5
DA:317,5
DA:318,5
DA:319,5
DA:320,5
LF:320
LH:302
BRDA:1,0,0,2
BRDA:6,1,0,26
BRDA:7,2,0,0
BRDA:11,3,0,0
BRDA:15,4,0,0
BRDA:18,5,0,39
BRDA:19,6,0,23
BRDA:19,7,0,23
BRDA:19,8,0,16
BRDA:20,9,0,23
BRDA:20,10,0,0
BRDA:23,11,0,2
BRDA:24,12,0,0
BRDA:27,13,0,2
BRDA:29,14,0,0
BRDA:30,15,0,0
BRDA:35,16,0,9
BRDA:36,17,0,0
BRDA:37,18,0,7
BRDA:38,19,0,2
BRDA:39,20,0,0
BRDA:40,21,0,2
BRDA:48,22,0,6
BRDA:52,23,0,5
BRDA:53,24,0,0
BRDA:54,25,0,0
BRDA:57,26,0,9
BRDA:59,27,0,7
BRDA:60,28,0,2
BRDA:63,29,0,1
BRDA:64,30,0,0
BRDA:65,31,0,1
BRDA:66,32,0,0
BRDA:82,33,0,8
BRDA:84,34,0,1
BRDA:87,35,0,0
BRDA:93,36,0,1
BRDA:94,37,0,0
BRDA:97,38,0,0
BRDA:106,39,0,0
BRDA:108,40,0,0
BRDA:119,41,0,4
BRDA:120,42,0,0
BRDA:121,43,0,0
BRDA:126,44,0,0
BRDA:126,45,0,8
BRDA:127,46,0,0
BRDA:129,47,0,0
BRDA:129,48,0,0
BRDA:129,49,0,0
BRDA:120,50,0,5
BRDA:138,51,0,5
BRDA:139,52,0,0
BRDA:141,53,0,15
BRDA:158,54,0,4
BRDA:167,55,0,0
BRDA:168,56,0,0
BRDA:178,57,0,0
BRDA:166,58,0,8
BRDA:171,59,0,4
BRDA:173,60,0,2
BRDA:175,61,0,1
BRDA:183,62,0,5
BRDA:185,63,0,3
BRDA:187,64,0,2
BRDA:188,65,0,3
BRDA:190,66,0,1
BRDA:190,67,0,4
BRDA:191,68,0,0
BRDA:192,69,0,0
BRDA:193,70,0,0
BRDA:194,71,0,0
BRDA:197,72,0,1
BRDA:197,73,0,0
BRDA:198,74,0,0
BRDA:204,75,0,2
BRDA:209,76,0,1
BRDA:209,77,0,1
BRDA:210,78,0,0
BRDA:211,79,0,0
BRDA:216,80,0,2
BRDA:219,81,0,0
BRDA:218,82,0,4
BRDA:220,83,0,3
BRDA:221,84,0,3
BRDA:225,85,0,1
BRDA:226,86,0,0
BRDA:230,87,0,0
BRDA:231,88,0,0
BRDA:233,89,0,0
BRDA:238,90,0,5
BRDA:245,91,0,0
BRDA:250,92,0,0
BRDA:252,93,0,8
BRDA:256,94,0,8
BRDA:258,95,0,0
BRDA:259,96,0,5
BRDA:259,97,0,0
BRDA:264,98,0,3
BRDA:267,99,0,1
BRDA:267,100,0,2
BRDA:268,101,0,2
BRDA:268,102,0,2
BRDA:270,103,0,2
BRDA:270,104,0,0
BRDA:270,105,0,6
BRDA:271,106,0,2
BRDA:271,107,0,6
BRDA:272,108,0,1
BRDA:272,109,0,7
BRDA:273,110,0,2
BRDA:273,111,0,6
BRDA:274,112,0,7
BRDA:277,113,0,0
BRDA:277,114,0,0
BRDA:295,115,0,3
BRDA:297,116,0,2
BRDA:299,117,0,3
BRDA:300,118,0,2
BRDA:309,119,0,1
BRDA:309,120,0,2
BRDA:310,121,0,0
BRDA:311,122,0,1
BRDA:311,123,0,2
BRF:124
BRH:74
end_of_record
TN:
SF:src/nodeHierarchy.js
FN:1,sortNodesForParentOrder
FN:9,visit
FNF:2
FNH:2
FNDA:12,sortNodesForParentOrder
FNDA:24,visit
DA:1,3
DA:2,12
DA:3,12
DA:4,12
DA:5,12
DA:6,12
DA:7,12
DA:8,12
DA:9,12
DA:10,24
DA:11,24
DA:12,24
DA:13,19
DA:14,19
DA:15,19
DA:16,24
DA:17,24
DA:18,5
DA:19,5
DA:20,19
DA:21,19
DA:22,19
DA:23,19
DA:24,24
DA:25,12
DA:26,12
DA:27,12
DA:28,12
LF:28
LH:28
BRDA:1,0,0,3
BRDA:1,1,0,12
BRDA:2,2,0,0
BRDA:3,3,0,19
BRDA:4,4,0,19
BRDA:9,5,0,24
BRDA:10,6,0,0
BRDA:12,7,0,19
BRDA:12,8,0,5
BRDA:13,9,0,19
BRDA:16,10,0,5
BRDA:16,11,0,14
BRDA:17,12,0,5
BRDA:20,13,0,19
BRDA:26,14,0,19
BRF:15
BRH:13
end_of_record
TN:
SF:src/nodeWidgetDefaults.js
FN:3,getDefaultWidgetValue
FN:16,buildDefaultWidgetValues
FNF:2
FNH:2
FNDA:6,getDefaultWidgetValue
FNDA:1,buildDefaultWidgetValues
DA:1,1
DA:2,1
DA:3,1
DA:4,6
DA:5,6
DA:6,6
DA:7,6
DA:8,2
DA:9,2
DA:10,2
DA:11,0
DA:12,0
DA:13,6
DA:14,6
DA:15,1
DA:16,1
DA:17,1
DA:18,1
DA:19,1
DA:20,5
DA:21,5
DA:22,3
DA:23,3
DA:24,5
DA:25,1
DA:26,1
LF:26
LH:24
BRDA:1,0,0,1
BRDA:3,1,0,6
BRDA:5,2,0,2
BRDA:6,3,0,4
BRDA:6,4,0,0
BRDA:7,5,0,4
BRDA:7,6,0,2
BRDA:11,7,0,0
BRDA:13,8,0,0
BRDA:16,9,0,1
BRDA:18,10,0,0
BRDA:19,11,0,5
BRDA:21,12,0,3
BRF:13
BRH:9
end_of_record
TN:
SF:src/nodeWidgetLayout.js
FN:1,formatUiLabel
FN:9,normalizeInputNames
FN:16,getWidgetCombinedInputName
FN:37,buildCombinedInputNameByWidgetName
FNF:4
FNH:4
FNDA:4,formatUiLabel
FNDA:5,normalizeInputNames
FNDA:3,getWidgetCombinedInputName
FNDA:1,buildCombinedInputNameByWidgetName
DA:1,1
DA:2,4
DA:3,4
DA:4,4
DA:5,4
DA:6,4
DA:7,4
DA:8,1
DA:9,5
DA:10,5
DA:11,5
DA:12,5
DA:13,5
DA:14,5
DA:15,1
DA:16,1
DA:17,3
DA:18,3
DA:19,1
DA:20,1
DA:21,2
DA:22,3
DA:23,3
DA:24,2
DA:25,3
DA:26,2
DA:27,2
DA:28,2
DA:29,2
DA:30,1
DA:31,1
DA:32,2
DA:33,1
DA:34,1
DA:35,3
DA:36,1
DA:37,1
DA:38,1
DA:39,1
DA:40,1
DA:41,1
DA:42,1
DA:43,1
DA:44,1
DA:45,1
DA:46,1
DA:47,1
DA:48,1
DA:49,1
LF:49
LH:49
BRDA:1,0,0,1
BRDA:1,1,0,4
BRDA:2,2,0,0
BRDA:9,3,0,5
BRDA:10,4,0,2
BRDA:11,5,0,3
BRDA:11,6,0,0
BRDA:11,7,0,3
BRDA:12,8,0,3
BRDA:13,9,0,3
BRDA:16,10,0,3
BRDA:18,11,0,1
BRDA:18,12,0,1
BRDA:21,13,0,2
BRDA:22,14,0,2
BRDA:23,15,0,0
BRDA:24,16,0,2
BRDA:25,17,0,2
BRDA:27,18,0,0
BRDA:28,19,0,0
BRDA:29,20,0,1
BRDA:33,21,0,1
BRDA:37,22,0,1
BRDA:38,23,0,0
BRDA:41,24,0,0
BRDA:38,25,0,1
BRF:26
BRH:19
end_of_record
TN:
SF:src/pngMetadata.js
FN:20,crc32
FN:32,isPng
FN:40,chunkType
FN:46,readUint32
FN:50,buildChunk
FN:66,parseTextChunk
FN:102,embedWorkflow
FN:141,extractWorkflow
FNF:8
FNH:8
FNDA:4,crc32
FNDA:7,isPng
FNDA:26,chunkType
FNDA:26,readUint32
FNDA:4,buildChunk
FNDA:4,parseTextChunk
FNDA:4,embedWorkflow
FNDA:3,extractWorkflow
DA:1,2
DA:2,2
DA:3,2
DA:4,2
DA:5,2
DA:6,2
DA:7,2
DA:8,2
DA:9,2
DA:10,2
DA:11,2
DA:12,2
DA:13,512
DA:14,512
DA:15,4096
DA:16,4096
DA:17,512
DA:18,512
DA:19,2
DA:20,4
DA:21,4
DA:22,4
DA:23,382
DA:24,382
DA:25,4
DA:26,4
DA:27,2
DA:28,2
DA:29,2
DA:30,2
DA:31,2
DA:32,7
DA:33,7
DA:34,7
DA:35,56
DA:36,56
DA:37,7
DA:38,7
DA:39,2
DA:40,26
DA:41,26
DA:42,26
DA:43,26
DA:44,26
DA:45,2
DA:46,26
DA:47,26
DA:48,26
DA:49,2
DA:50,4
DA:51,4
DA:52,4
DA:53,4
DA:54,4
DA:55,4
DA:56,4
DA:57,4
DA:58,4
DA:59,4
DA:60,4
DA:61,4
DA:62,4
DA:63,4
DA:64,4
DA:65,2
DA:66,4
DA:67,4
DA:68,4
DA:69,4
DA:70,4
DA:71,4
DA:72,4
DA:73,4
DA:74,4
DA:75,4
DA:76,4
DA:77,4
DA:78,4
DA:79,4
DA:80,4
DA:81,4
DA:82,0
DA:83,0
DA:84,4
DA:85,4
DA:86,4
DA:87,4
DA:88,4
DA:89,4
DA:90,4
DA:91,4
DA:92,4
DA:93,4
DA:94,4
DA:95,2
DA:96,2
DA:97,2
DA:98,2
DA:99,2
DA:100,2
DA:101,2
DA:102,2
DA:103,4
DA:104,4
DA:105,4
DA:106,4
DA:107,4
DA:108,4
DA:109,4
DA:110,4
DA:111,4
DA:112,4
DA:113,4
DA:114,4
DA:115,4
DA:116,4
DA:117,4
DA:118,4
DA:119,4
DA:120,4
DA:121,13
DA:122,13
DA:123,13
DA:124,13
DA:125,9
DA:126,9
DA:127,4
DA:128,4
DA:129,4
DA:130,4
DA:131,4
DA:132,4
DA:133,4
DA:134,4
DA:135,4
DA:136,2
DA:137,2
DA:138,2
DA:139,2
DA:140,2
DA:141,2
DA:142,3
DA:143,3
DA:144,3
DA:145,3
DA:146,3
DA:147,3
DA:148,3
DA:149,13
DA:150,13
DA:151,13
DA:152,13
DA:153,13
DA:154,4
DA:155,4
DA:156,4
DA:157,4
DA:158,13
DA:159,13
DA:160,10
DA:161,10
DA:162,3
DA:163,3
DA:164,3
LF:164
LH:162
BRDA:1,0,0,2
BRDA:12,1,0,512
BRDA:14,2,0,4096
BRDA:15,3,0,2048
BRDA:15,4,0,2048
BRDA:20,5,0,4
BRDA:22,6,0,382
BRDA:32,7,0,7
BRDA:33,8,0,0
BRDA:34,9,0,56
BRDA:35,10,0,0
BRDA:40,11,0,26
BRDA:46,12,0,26
BRDA:50,13,0,4
BRDA:66,14,0,4
BRDA:69,15,0,0
BRDA:72,16,0,0
BRDA:74,17,0,0
BRDA:78,18,0,0
BRDA:81,19,0,0
BRDA:87,20,0,0
BRDA:91,21,0,0
BRDA:102,22,0,4
BRDA:104,23,0,0
BRDA:120,24,0,13
BRDA:121,25,0,0
BRDA:123,26,0,0
BRDA:124,27,0,4
BRDA:125,28,0,9
BRDA:141,29,0,3
BRDA:143,30,0,0
BRDA:148,31,0,13
BRDA:150,32,0,0
BRDA:153,33,0,4
BRDA:159,34,0,3
BRDA:160,35,0,10
BRF:36
BRH:22
end_of_record
TN:
SF:src/runtimeValuePersistence.js
FN:1,sanitizeRuntimeValuesForPersistence
FNF:1
FNH:1
FNDA:12,sanitizeRuntimeValuesForPersistence
DA:1,2
DA:2,12
DA:3,11
DA:4,11
DA:5,1
DA:6,1
DA:7,1
DA:8,1
DA:9,0
DA:10,12
LF:10
LH:9
BRDA:1,0,0,2
BRDA:1,1,0,12
BRDA:2,2,0,1
BRDA:2,3,0,1
BRDA:2,4,0,11
BRDA:5,5,0,10
BRDA:5,6,0,1
BRDA:9,7,0,0
BRF:8
BRH:7
end_of_record
TN:
SF:src/valueFormatting.js
FN:15,parseNumberWithUnit
FN:77,formatNumericCell
FN:90,toSuperscript
FN:97,formatDisplayUnit
FN:101,parsePrefixableUnit
FN:116,formatPrefixedUnit
FN:120,choosePrefixExponent
FN:150,getAxisScale
FN:160,applySIPrefix
FN:181,getCompanionUnitColumn
FN:189,getTableColumns
FN:211,formatTableRowCell
FNF:12
FNH:10
FNDA:0,parseNumberWithUnit
FNDA:5,formatNumericCell
FNDA:10,toSuperscript
FNDA:7,formatDisplayUnit
FNDA:5,parsePrefixableUnit
FNDA:4,formatPrefixedUnit
FNDA:4,choosePrefixExponent
FNDA:0,getAxisScale
FNDA:5,applySIPrefix
FNDA:2,getCompanionUnitColumn
FNDA:1,getTableColumns
FNDA:2,formatTableRowCell
DA:1,1
DA:2,1
DA:3,1
DA:4,1
DA:5,1
DA:6,1
DA:7,1
DA:8,1
DA:9,1
DA:10,1
DA:11,1
DA:12,1
DA:13,1
DA:14,1
DA:15,1
DA:16,0
DA:17,0
DA:18,0
DA:19,0
DA:20,0
DA:21,0
DA:22,0
DA:23,0
DA:24,0
DA:25,0
DA:26,0
DA:27,0
DA:28,0
DA:29,0
DA:30,0
DA:31,0
DA:32,0
DA:33,0
DA:34,0
DA:35,0
DA:36,0
DA:37,0
DA:38,1
DA:39,1
DA:40,1
DA:41,1
DA:42,1
DA:43,1
DA:44,1
DA:45,1
DA:46,1
DA:47,1
DA:48,1
DA:49,1
DA:50,1
DA:51,1
DA:52,1
DA:53,1
DA:54,1
DA:55,1
DA:56,1
DA:57,1
DA:58,1
DA:59,1
DA:60,1
DA:61,1
DA:62,1
DA:63,1
DA:64,1
DA:65,1
DA:66,1
DA:67,1
DA:68,1
DA:69,1
DA:70,1
DA:71,1
DA:72,1
DA:73,1
DA:74,1
DA:75,1
DA:76,1
DA:77,1
DA:78,5
DA:79,5
DA:80,5
DA:81,5
DA:82,5
DA:83,5
DA:84,3
DA:85,3
DA:86,0
DA:87,0
DA:88,5
DA:89,1
DA:90,10
DA:91,10
DA:92,10
DA:93,10
DA:94,10
DA:95,10
DA:96,1
DA:97,1
DA:98,7
DA:99,7
DA:100,1
DA:101,5
DA:102,5
DA:103,5
DA:104,5
DA:105,5
DA:106,5
DA:107,4
DA:108,4
DA:109,3
DA:110,3
DA:111,1
DA:112,5
DA:113,1
DA:114,5
DA:115,1
DA:116,4
DA:117,4
DA:118,4
DA:119,1
DA:120,4
DA:121,4
DA:122,4
DA:123,68
DA:124,68
DA:125,68
DA:126,68
DA:127,68
DA:128,68
DA:129,68
DA:130,4
DA:131,4
DA:132,4
DA:133,4
DA:134,3
DA:135,3
DA:136,1
DA:137,1
DA:138,1
DA:139,1
DA:140,1
DA:141,0
DA:142,0
DA:143,4
DA:144,1
DA:145,1
DA:146,1
DA:147,1
DA:148,1
DA:149,1
DA:150,1
DA:151,0
DA:152,0
DA:153,0
DA:154,0
DA:155,0
DA:156,0
DA:157,0
DA:158,0
DA:159,1
DA:160,1
DA:161,5
DA:162,5
DA:163,0
DA:164,0
DA:165,5
DA:166,0
DA:167,0
DA:168,5
DA:169,5
DA:170,5
DA:171,1
DA:172,1
DA:173,4
DA:174,4
DA:175,4
DA:176,4
DA:177,4
DA:178,4
DA:179,5
DA:180,1
DA:181,2
DA:182,2
DA:183,0
DA:184,0
DA:185,2
DA:186,2
DA:187,2
DA:188,1
DA:189,1
DA:190,1
DA:191,1
DA:192,1
DA:193,1
DA:194,1
DA:195,1
DA:196,6
DA:197,6
DA:198,6
DA:199,6
DA:200,6
DA:201,2
DA:202,2
DA:203,2
DA:204,4
DA:205,6
DA:206,1
DA:207,1
DA:208,1
DA:209,1
DA:210,1
DA:211,1
DA:212,2
DA:213,2
DA:214,2
DA:215,2
DA:216,2
DA:217,2
DA:218,0
DA:219,0
DA:220,2
DA:221,0
DA:222,0
DA:223,2
DA:224,2
LF:224
LH:180
BRDA:1,0,0,1
BRDA:77,1,0,5
BRDA:78,2,0,0
BRDA:80,3,0,0
BRDA:82,4,0,2
BRDA:82,5,0,2
BRDA:83,6,0,3
BRDA:83,7,0,3
BRDA:83,8,0,0
BRDA:84,9,0,3
BRDA:86,10,0,0
BRDA:90,11,0,10
BRDA:93,12,0,10
BRDA:93,13,0,0
BRDA:97,14,0,7
BRDA:98,15,0,0
BRDA:98,16,0,7
BRDA:101,17,0,5
BRDA:102,18,0,0
BRDA:103,19,0,0
BRDA:106,20,0,4
BRDA:108,21,0,1
BRDA:109,22,0,3
BRDA:111,23,0,1
BRDA:112,24,0,0
BRDA:113,25,0,1
BRDA:116,26,0,4
BRDA:117,27,0,1
BRDA:117,28,0,3
BRDA:120,29,0,4
BRDA:133,30,0,3
BRDA:136,31,0,1
BRDA:141,32,0,0
BRDA:122,33,0,68
BRDA:132,34,0,68
BRDA:132,35,0,26
BRDA:137,36,0,17
BRDA:139,37,0,6
BRDA:139,38,0,0
BRDA:160,39,0,5
BRDA:162,40,0,0
BRDA:165,41,0,0
BRDA:170,42,0,1
BRDA:173,43,0,4
BRDA:181,44,0,2
BRDA:182,45,0,0
BRDA:186,46,0,0
BRDA:189,47,0,1
BRDA:193,48,0,0
BRDA:194,49,0,0
BRDA:195,50,0,6
BRDA:198,51,0,2
BRDA:199,52,0,2
BRDA:200,53,0,2
BRDA:204,54,0,4
BRDA:208,55,0,4
BRDA:211,56,0,2
BRDA:215,57,0,0
BRDA:217,58,0,0
BRDA:217,59,0,0
BRDA:220,60,0,0
BRF:61
BRH:40
end_of_record
TN:
SF:src/workflowCapture.js
FN:10,encodeBase64
FN:22,blobToDataUrl
FN:28,getElementSize
FN:36,waitForImageElement
FN:57,getCaptureImageDataUrl
FN:80,createCapturePlaceholder
FN:106,renderCanvasToDataUrl
FN:114,renderElementToDataUrl
FN:129,replaceElementsWithPlaceholders
FN:149,defaultQueryAll
FN:153,defaultNextFrame
FN:157,captureViewportBlob
FNF:12
FNH:2
FNDA:0,encodeBase64
FNDA:0,blobToDataUrl
FNDA:0,getElementSize
FNDA:0,waitForImageElement
FNDA:0,getCaptureImageDataUrl
FNDA:0,createCapturePlaceholder
FNDA:0,renderCanvasToDataUrl
FNDA:0,renderElementToDataUrl
FNDA:6,replaceElementsWithPlaceholders
FNDA:0,defaultQueryAll
FNDA:0,defaultNextFrame
FNDA:2,captureViewportBlob
DA:1,1
DA:2,1
DA:3,1
DA:4,1
DA:5,1
DA:6,1
DA:7,1
DA:8,1
DA:9,1
DA:10,0
DA:11,0
DA:12,0
DA:13,0
DA:14,0
DA:15,0
DA:16,0
DA:17,0
DA:18,0
DA:19,0
DA:20,0
DA:21,1
DA:22,0
DA:23,0
DA:24,0
DA:25,0
DA:26,0
DA:27,1
DA:28,0
DA:29,0
DA:30,0
DA:31,0
DA:32,0
DA:33,0
DA:34,0
DA:35,1
DA:36,1
DA:37,0
DA:38,0
DA:39,0
DA:40,0
DA:41,0
DA:42,0
DA:43,0
DA:44,0
DA:45,0
DA:46,0
DA:47,0
DA:48,0
DA:49,0
DA:50,0
DA:51,0
DA:52,0
DA:53,0
DA:54,0
DA:55,0
DA:56,1
DA:57,1
DA:58,0
DA:59,0
DA:60,0
DA:61,0
DA:62,0
DA:63,0
DA:64,0
DA:65,0
DA:66,0
DA:67,0
DA:68,0
DA:69,0
DA:70,0
DA:71,0
DA:72,0
DA:73,0
DA:74,0
DA:75,0
DA:76,0
DA:77,0
DA:78,0
DA:79,1
DA:80,1
DA:81,0
DA:82,0
DA:83,0
DA:84,0
DA:85,0
DA:86,0
DA:87,0
DA:88,0
DA:89,0
DA:90,0
DA:91,0
DA:92,0
DA:93,0
DA:94,0
DA:95,0
DA:96,0
DA:97,0
DA:98,0
DA:99,0
DA:100,0
DA:101,0
DA:102,0
DA:103,0
DA:104,0
DA:105,1
DA:106,0
DA:107,0
DA:108,0
DA:109,0
DA:110,0
DA:111,0
DA:112,0
DA:113,1
DA:114,0
DA:115,0
DA:116,0
DA:117,0
DA:118,0
DA:119,0
DA:120,0
DA:121,0
DA:122,0
DA:123,0
DA:124,0
DA:125,0
DA:126,0
DA:127,0
DA:128,1
DA:129,6
DA:130,6
DA:131,6
DA:132,6
DA:133,6
DA:134,6
DA:135,6
DA:136,6
DA:137,6
DA:138,6
DA:139,6
DA:140,6
DA:141,6
DA:142,6
DA:143,6
DA:144,6
DA:145,6
DA:146,6
DA:147,6
DA:148,1
DA:149,0
DA:150,0
DA:151,0
DA:152,1
DA:153,0
DA:154,0
DA:155,0
DA:156,1
DA:157,1
DA:158,2
DA:159,2
DA:160,2
DA:161,2
DA:162,2
DA:163,2
DA:164,2
DA:165,2
DA:166,2
DA:167,2
DA:168,2
DA:169,2
DA:170,2
DA:171,2
DA:172,6
DA:173,2
DA:174,2
DA:175,2
DA:176,2
DA:177,6
DA:178,2
DA:179,2
DA:180,2
DA:181,2
DA:182,2
DA:183,2
DA:184,2
DA:185,2
DA:186,2
DA:187,2
DA:188,2
DA:189,2
DA:190,2
DA:191,2
DA:192,2
DA:193,2
LF:193
LH:79
BRDA:1,0,0,1
BRDA:129,1,0,6
BRDA:133,2,0,0
BRDA:135,3,0,0
BRDA:139,4,0,6
BRDA:157,5,0,2
BRDA:158,6,0,0
BRDA:159,7,0,0
BRDA:160,8,0,0
BRDA:161,9,0,0
BRDA:162,10,0,0
BRDA:163,11,0,0
BRDA:164,12,0,0
BRDA:165,13,0,0
BRDA:171,14,0,6
BRDA:172,15,0,2
BRDA:173,16,0,0
BRDA:163,17,0,0
BRDA:191,18,0,6
BRF:19
BRH:7
end_of_record
TN:
SF:src/workflowHydration.js
FN:4,mergeDefinition
FN:10,getSocketType
FN:16,getInputEntries
FN:23,sanitizeWidgetValues
FN:36,hydrateWorkflowState
FNF:5
FNH:5
FNDA:7,mergeDefinition
FNDA:5,getSocketType
FNDA:7,getInputEntries
FNDA:7,sanitizeWidgetValues
FNDA:6,hydrateWorkflowState
DA:1,2
DA:2,2
DA:3,2
DA:4,7
DA:5,7
DA:6,7
DA:7,7
DA:8,7
DA:9,2
DA:10,5
DA:11,5
DA:12,5
DA:13,5
DA:14,5
DA:15,2
DA:16,7
DA:17,7
DA:18,7
DA:19,7
DA:20,7
DA:21,7
DA:22,2
DA:23,7
DA:24,7
DA:25,7
DA:26,7
DA:27,5
DA:28,5
DA:29,3
DA:30,3
DA:31,7
DA:32,7
DA:33,7
DA:34,7
DA:35,2
DA:36,2
DA:37,6
DA:38,6
DA:39,6
DA:40,6
DA:41,7
DA:42,7
DA:43,7
DA:44,7
DA:45,7
DA:46,7
DA:47,7
DA:48,7
DA:49,7
DA:50,7
DA:51,7
DA:52,7
DA:53,7
DA:54,7
DA:55,7
DA:56,7
DA:57,7
DA:58,7
DA:59,7
DA:60,7
DA:61,7
DA:62,7
DA:63,7
DA:64,7
DA:65,7
DA:66,7
DA:67,7
DA:68,7
DA:69,7
DA:70,7
DA:71,6
DA:72,6
DA:73,6
DA:74,6
DA:75,6
DA:76,6
DA:77,6
DA:78,6
DA:79,6
DA:80,6
DA:81,6
DA:82,6
LF:82
LH:82
BRDA:1,0,0,2
BRDA:4,1,0,7
BRDA:5,2,0,0
BRDA:6,3,0,0
BRDA:7,4,0,3
BRDA:10,5,0,5
BRDA:11,6,0,0
BRDA:12,7,0,0
BRDA:13,8,0,2
BRDA:13,9,0,3
BRDA:16,10,0,7
BRDA:18,11,0,5
BRDA:18,12,0,4
BRDA:18,13,0,3
BRDA:18,14,0,4
BRDA:19,15,0,5
BRDA:19,16,0,4
BRDA:19,17,0,3
BRDA:23,18,0,7
BRDA:24,19,0,0
BRDA:26,20,0,5
BRDA:28,21,0,3
BRDA:28,22,0,3
BRDA:36,23,0,6
BRDA:37,24,0,0
BRDA:38,25,0,0
BRDA:40,26,0,7
BRDA:45,27,0,2
BRDA:51,28,0,4
BRDA:54,29,0,2
BRDA:54,30,0,0
BRDA:73,31,0,2
BRDA:75,32,0,7
BRDA:75,33,0,0
BRF:34
BRH:25
end_of_record
TN:
SF:src/workflowSerialization.js
FN:3,serializeWorkflowState
FN:4,compactObject
FN:9,getExtraData
FN:25,getRuntimeValues
FNF:4
FNH:4
FNDA:4,serializeWorkflowState
FNDA:10,compactObject
FNDA:5,getExtraData
FNDA:5,getRuntimeValues
DA:1,1
DA:2,1
DA:3,1
DA:4,4
DA:5,10
DA:6,10
DA:7,10
DA:8,4
DA:9,4
DA:10,5
DA:11,21
DA:12,21
DA:13,21
DA:14,21
DA:15,21
DA:16,21
DA:17,21
DA:18,21
DA:19,21
DA:20,21
DA:21,21
DA:22,21
DA:23,5
DA:24,4
DA:25,4
DA:26,5
DA:27,4
DA:28,4
DA:29,4
DA:30,4
DA:31,4
DA:32,5
DA:33,5
DA:34,5
DA:35,5
DA:36,5
DA:37,5
DA:38,5
DA:39,5
DA:40,5
DA:41,5
DA:42,5
DA:43,5
DA:44,5
DA:45,5
DA:46,5
DA:47,5
DA:48,5
DA:49,5
DA:50,5
DA:51,5
DA:52,5
DA:53,4
DA:54,4
DA:55,2
DA:56,2
DA:57,2
DA:58,2
DA:59,2
DA:60,2
DA:61,2
DA:62,2
DA:63,4
DA:64,4
DA:65,4
LF:65
LH:65
BRDA:1,0,0,1
BRDA:3,1,0,4
BRDA:4,2,0,10
BRDA:5,3,0,0
BRDA:7,4,0,0
BRDA:9,5,0,5
BRDA:10,6,0,0
BRDA:10,7,0,21
BRDA:25,8,0,5
BRDA:31,9,0,5
BRDA:35,10,0,2
BRDA:37,11,0,1
BRDA:37,12,0,4
BRDA:38,13,0,0
BRDA:39,14,0,0
BRDA:40,15,0,0
BRDA:41,16,0,1
BRDA:41,17,0,4
BRDA:42,18,0,4
BRDA:44,19,0,1
BRDA:44,20,0,0
BRDA:45,21,0,0
BRDA:46,22,0,1
BRDA:47,23,0,0
BRDA:48,24,0,0
BRDA:49,25,0,2
BRDA:49,26,0,4
BRDA:50,27,0,2
BRDA:50,28,0,4
BRDA:54,29,0,2
BRDA:60,30,0,1
BRDA:60,31,0,1
BRDA:61,32,0,0
BRDA:62,33,0,0
BRF:34
BRH:22
end_of_record
